<?xml version="1.0" encoding="UTF-8" ?>
<testsuite tests="1" failures="0" name="VisiteTest.VisiteDaoImplTest" time="0.024" errors="1" skipped="0">
  <properties>
[...]
</properties>
  <testcase classname="VisiteTest.VisiteDaoImplTest" name="testGetAllVisite" time="0.024">
    <error message="Unable to find fr.adaming.entity.BienImmobilier with id 2" type="javax.persistence.EntityNotFoundException">javax.persistence.EntityNotFoundException: Unable to find fr.adaming.entity.BienImmobilier with id 2
	at org.hibernate.ejb.Ejb3Configuration$Ejb3EntityNotFoundDelegate.handleEntityNotFound(Ejb3Configuration.java:158)
	at org.hibernate.event.internal.DefaultLoadEventListener.load(DefaultLoadEventListener.java:214)
	at org.hibernate.event.internal.DefaultLoadEventListener.proxyOrLoad(DefaultLoadEventListener.java:264)
	at org.hibernate.event.internal.DefaultLoadEventListener.onLoad(DefaultLoadEventListener.java:152)
	at org.hibernate.internal.SessionImpl.fireLoad(SessionImpl.java:1053)
	at org.hibernate.internal.SessionImpl.internalLoad(SessionImpl.java:980)
	at org.hibernate.type.EntityType.resolveIdentifier(EntityType.java:714)
	at org.hibernate.type.EntityType.resolve(EntityType.java:502)
	at org.hibernate.engine.internal.TwoPhaseLoad.doInitializeEntity(TwoPhaseLoad.java:168)
	at org.hibernate.engine.internal.TwoPhaseLoad.initializeEntity(TwoPhaseLoad.java:137)
	at org.hibernate.loader.Loader.initializeEntitiesAndCollections(Loader.java:1112)
	at org.hibernate.loader.Loader.processResultSet(Loader.java:969)
	at org.hibernate.loader.Loader.doQuery(Loader.java:917)
	at org.hibernate.loader.Loader.doQueryAndInitializeNonLazyCollections(Loader.java:348)
	at org.hibernate.loader.Loader.doList(Loader.java:2550)
	at org.hibernate.loader.Loader.doList(Loader.java:2536)
	at org.hibernate.loader.Loader.listIgnoreQueryCache(Loader.java:2366)
	at org.hibernate.loader.Loader.list(Loader.java:2361)
	at org.hibernate.loader.hql.QueryLoader.list(QueryLoader.java:495)
	at org.hibernate.hql.internal.ast.QueryTranslatorImpl.list(QueryTranslatorImpl.java:357)
	at org.hibernate.engine.query.spi.HQLQueryPlan.performList(HQLQueryPlan.java:198)
	at org.hibernate.internal.SessionImpl.list(SessionImpl.java:1230)
	at org.hibernate.internal.QueryImpl.list(QueryImpl.java:101)
	at org.hibernate.ejb.QueryImpl.getResultList(QueryImpl.java:268)
	at sun.reflect.NativeMethodAccessorImpl.invoke0(Native Method)
	at sun.reflect.NativeMethodAccessorImpl.invoke(NativeMethodAccessorImpl.java:62)
	at sun.reflect.DelegatingMethodAccessorImpl.invoke(DelegatingMethodAccessorImpl.java:43)
	at java.lang.reflect.Method.invoke(Method.java:498)
	at org.springframework.orm.jpa.SharedEntityManagerCreator$DeferredQueryInvocationHandler.invoke(SharedEntityManagerCreator.java:372)
	at com.sun.proxy.$Proxy37.getResultList(Unknown Source)
	at fr.adaming.dao.VisiteDaoImpl.getAllVisite(VisiteDaoImpl.java:41)
	at fr.adaming.service.VisiteServiceImpl.getAllVisite(VisiteServiceImpl.java:39)
	at VisiteTest.VisiteDaoImplTest.testGetAllVisite(VisiteDaoImplTest.java:24)
	at sun.reflect.NativeMethodAccessorImpl.invoke0(Native Method)
	at sun.reflect.NativeMethodAccessorImpl.invoke(NativeMethodAccessorImpl.java:62)
	at sun.reflect.DelegatingMethodAccessorImpl.invoke(DelegatingMethodAccessorImpl.java:43)
	at java.lang.reflect.Method.invoke(Method.java:498)
	at org.junit.runners.model.FrameworkMethod$1.runReflectiveCall(FrameworkMethod.java:50)
	at org.junit.internal.runners.model.ReflectiveCallable.run(ReflectiveCallable.java:12)
	at org.junit.runners.model.FrameworkMethod.invokeExplosively(FrameworkMethod.java:47)
	at org.junit.internal.runners.statements.InvokeMethod.evaluate(InvokeMethod.java:17)
	at org.springframework.test.context.junit4.statements.RunBeforeTestMethodCallbacks.evaluate(RunBeforeTestMethodCallbacks.java:75)
	at org.springframework.test.context.junit4.statements.RunAfterTestMethodCallbacks.evaluate(RunAfterTestMethodCallbacks.java:86)
	at org.springframework.test.context.junit4.statements.SpringRepeat.evaluate(SpringRepeat.java:84)
	at org.junit.runners.ParentRunner.runLeaf(ParentRunner.java:325)
	at org.springframework.test.context.junit4.SpringJUnit4ClassRunner.runChild(SpringJUnit4ClassRunner.java:252)
	at org.springframework.test.context.junit4.SpringJUnit4ClassRunner.runChild(SpringJUnit4ClassRunner.java:94)
	at org.junit.runners.ParentRunner$3.run(ParentRunner.java:290)
	at org.junit.runners.ParentRunner$1.schedule(ParentRunner.java:71)
	at org.junit.runners.ParentRunner.runChildren(ParentRunner.java:288)
	at org.junit.runners.ParentRunner.access$000(ParentRunner.java:58)
	at org.junit.runners.ParentRunner$2.evaluate(ParentRunner.java:268)
	at org.springframework.test.context.junit4.statements.RunBeforeTestClassCallbacks.evaluate(RunBeforeTestClassCallbacks.java:61)
	at org.springframework.test.context.junit4.statements.RunAfterTestClassCallbacks.evaluate(RunAfterTestClassCallbacks.java:70)
	at org.junit.runners.ParentRunner.run(ParentRunner.java:363)
	at org.springframework.test.context.junit4.SpringJUnit4ClassRunner.run(SpringJUnit4ClassRunner.java:191)
	at org.apache.maven.surefire.junit4.JUnit4Provider.execute(JUnit4Provider.java:252)
	at org.apache.maven.surefire.junit4.JUnit4Provider.executeTestSet(JUnit4Provider.java:141)
	at org.apache.maven.surefire.junit4.JUnit4Provider.invoke(JUnit4Provider.java:112)
	at sun.reflect.NativeMethodAccessorImpl.invoke0(Native Method)
	at sun.reflect.NativeMethodAccessorImpl.invoke(NativeMethodAccessorImpl.java:62)
	at sun.reflect.DelegatingMethodAccessorImpl.invoke(DelegatingMethodAccessorImpl.java:43)
	at java.lang.reflect.Method.invoke(Method.java:498)
	at org.apache.maven.surefire.util.ReflectionUtils.invokeMethodWithArray(ReflectionUtils.java:189)
	at org.apache.maven.surefire.booter.ProviderFactory$ProviderProxy.invoke(ProviderFactory.java:165)
	at org.apache.maven.surefire.booter.ProviderFactory.invokeProvider(ProviderFactory.java:85)
	at org.apache.maven.surefire.booter.ForkedBooter.runSuitesInProcess(ForkedBooter.java:115)
	at org.apache.maven.surefire.booter.ForkedBooter.main(ForkedBooter.java:75)
</error>
    <system-out>Hibernate: select visite0_.idVisite as idVisite1_6_, visite0_.id_BienImmobilier as id_BienI3_6_, visite0_.dateVisite as dateVisi2_6_ from Visite visite0_
Hibernate: select bienimmobi0_.idBienImmobilier as idBienIm1_1_5_, bienimmobi0_.id_agent as id_agent8_1_5_, bienimmobi0_.id_categorie as id_categ9_1_5_, bienimmobi0_.id_client as id_clie10_1_5_, bienimmobi0_.dateDispoBienImmobilier as dateDisp2_1_5_, bienimmobi0_.dateSoumissionBienImmobilier as dateSoum3_1_5_, bienimmobi0_.localisationBienImmobilier as localisa4_1_5_, bienimmobi0_.paysBienImmobilier as paysBien5_1_5_, bienimmobi0_.id_proprietaire as id_prop11_1_5_, bienimmobi0_.revenuCadastralBienImmobilier as revenuCa6_1_5_, bienimmobi0_.statutBienImmobilier as statutBi7_1_5_, bienimmobi0_.etatAAcheter as etatAAch1_0_5_, bienimmobi0_.prixDemandeAAcheter as prixDema2_0_5_, bienimmobi0_.bailALouer as bailALou1_7_5_, bienimmobi0_.cautionALouer as cautionA2_7_5_, bienimmobi0_.chargesALouer as chargesA3_7_5_, bienimmobi0_.garnituresALouer as garnitur4_7_5_, bienimmobi0_.loyerALouer as loyerALo5_7_5_, bienimmobi0_.clazz_ as clazz_5_, agent1_.idPersonne as idPerson1_9_0_, agent1_.nomPersonne as nomPerso2_9_0_, agent1_.telephonePrive as telephon3_9_0_, agent1_.idAgent as idAgent1_8_0_, agent1_.mdpAgent as mdpAgent2_8_0_, categorie2_.idCategorie as idCatego1_2_1_, categorie2_.modeCategorie as modeCate2_2_1_, categorie2_.nombreDeChambresCategorie as nombreDe3_2_1_, categorie2_.superficieCategorie as superfic4_2_1_, categorie2_.typeCategorie as typeCate5_2_1_, client3_.idPersonne as idPerson1_9_2_, client3_.nomPersonne as nomPerso2_9_2_, client3_.telephonePrive as telephon3_9_2_, client3_.acquereur as acquereu1_3_2_, client3_.adresseClient as adresseC2_3_2_, client3_.idClient as idClient3_3_2_, proprietai4_.idPersonne as idPerson1_9_3_, proprietai4_.nomPersonne as nomPerso2_9_3_, proprietai4_.telephonePrive as telephon3_9_3_, proprietai4_.adresseProprietaire as adresseP1_5_3_, proprietai4_.idProprietaire as idPropri2_5_3_, proprietai4_.telephoneProfessionnel as telephon3_5_3_, contrat5_.idContrat as idContra1_4_4_, contrat5_.id_BienImmobilier as id_BienI4_4_4_, contrat5_.dateTransactionContrat as dateTran2_4_4_, contrat5_.prixContrat as prixCont3_4_4_ from ( select idBienImmobilier, dateDispoBienImmobilier, dateSoumissionBienImmobilier, localisationBienImmobilier, paysBienImmobilier, revenuCadastralBienImmobilier, statutBienImmobilier, id_agent, id_categorie, id_client, id_proprietaire, null as etatAAcheter, null as prixDemandeAAcheter, null as bailALouer, null as cautionALouer, null as chargesALouer, null as garnituresALouer, null as loyerALouer, 0 as clazz_ from BienImmobilier union select idBienImmobilier, dateDispoBienImmobilier, dateSoumissionBienImmobilier, localisationBienImmobilier, paysBienImmobilier, revenuCadastralBienImmobilier, statutBienImmobilier, id_agent, id_categorie, id_client, id_proprietaire, etatAAcheter, prixDemandeAAcheter, null as bailALouer, null as cautionALouer, null as chargesALouer, null as garnituresALouer, null as loyerALouer, 1 as clazz_ from Aacheter union select idBienImmobilier, dateDispoBienImmobilier, dateSoumissionBienImmobilier, localisationBienImmobilier, paysBienImmobilier, revenuCadastralBienImmobilier, statutBienImmobilier, id_agent, id_categorie, id_client, id_proprietaire, null as etatAAcheter, null as prixDemandeAAcheter, bailALouer, cautionALouer, chargesALouer, garnituresALouer, loyerALouer, 2 as clazz_ from aLouer ) bienimmobi0_ left outer join agent agent1_ on bienimmobi0_.id_agent=agent1_.idAgent left outer join Categorie categorie2_ on bienimmobi0_.id_categorie=categorie2_.idCategorie left outer join Client client3_ on bienimmobi0_.id_client=client3_.idClient left outer join Proprietaire proprietai4_ on bienimmobi0_.id_proprietaire=proprietai4_.idProprietaire left outer join Contrat contrat5_ on bienimmobi0_.idBienImmobilier=contrat5_.id_BienImmobilier where bienimmobi0_.idBienImmobilier=?
Hibernate: select bienimmobi0_.idBienImmobilier as idBienIm1_1_5_, bienimmobi0_.id_agent as id_agent8_1_5_, bienimmobi0_.id_categorie as id_categ9_1_5_, bienimmobi0_.id_client as id_clie10_1_5_, bienimmobi0_.dateDispoBienImmobilier as dateDisp2_1_5_, bienimmobi0_.dateSoumissionBienImmobilier as dateSoum3_1_5_, bienimmobi0_.localisationBienImmobilier as localisa4_1_5_, bienimmobi0_.paysBienImmobilier as paysBien5_1_5_, bienimmobi0_.id_proprietaire as id_prop11_1_5_, bienimmobi0_.revenuCadastralBienImmobilier as revenuCa6_1_5_, bienimmobi0_.statutBienImmobilier as statutBi7_1_5_, bienimmobi0_.etatAAcheter as etatAAch1_0_5_, bienimmobi0_.prixDemandeAAcheter as prixDema2_0_5_, bienimmobi0_.bailALouer as bailALou1_7_5_, bienimmobi0_.cautionALouer as cautionA2_7_5_, bienimmobi0_.chargesALouer as chargesA3_7_5_, bienimmobi0_.garnituresALouer as garnitur4_7_5_, bienimmobi0_.loyerALouer as loyerALo5_7_5_, bienimmobi0_.clazz_ as clazz_5_, agent1_.idPersonne as idPerson1_9_0_, agent1_.nomPersonne as nomPerso2_9_0_, agent1_.telephonePrive as telephon3_9_0_, agent1_.idAgent as idAgent1_8_0_, agent1_.mdpAgent as mdpAgent2_8_0_, categorie2_.idCategorie as idCatego1_2_1_, categorie2_.modeCategorie as modeCate2_2_1_, categorie2_.nombreDeChambresCategorie as nombreDe3_2_1_, categorie2_.superficieCategorie as superfic4_2_1_, categorie2_.typeCategorie as typeCate5_2_1_, client3_.idPersonne as idPerson1_9_2_, client3_.nomPersonne as nomPerso2_9_2_, client3_.telephonePrive as telephon3_9_2_, client3_.acquereur as acquereu1_3_2_, client3_.adresseClient as adresseC2_3_2_, client3_.idClient as idClient3_3_2_, proprietai4_.idPersonne as idPerson1_9_3_, proprietai4_.nomPersonne as nomPerso2_9_3_, proprietai4_.telephonePrive as telephon3_9_3_, proprietai4_.adresseProprietaire as adresseP1_5_3_, proprietai4_.idProprietaire as idPropri2_5_3_, proprietai4_.telephoneProfessionnel as telephon3_5_3_, contrat5_.idContrat as idContra1_4_4_, contrat5_.id_BienImmobilier as id_BienI4_4_4_, contrat5_.dateTransactionContrat as dateTran2_4_4_, contrat5_.prixContrat as prixCont3_4_4_ from ( select idBienImmobilier, dateDispoBienImmobilier, dateSoumissionBienImmobilier, localisationBienImmobilier, paysBienImmobilier, revenuCadastralBienImmobilier, statutBienImmobilier, id_agent, id_categorie, id_client, id_proprietaire, null as etatAAcheter, null as prixDemandeAAcheter, null as bailALouer, null as cautionALouer, null as chargesALouer, null as garnituresALouer, null as loyerALouer, 0 as clazz_ from BienImmobilier union select idBienImmobilier, dateDispoBienImmobilier, dateSoumissionBienImmobilier, localisationBienImmobilier, paysBienImmobilier, revenuCadastralBienImmobilier, statutBienImmobilier, id_agent, id_categorie, id_client, id_proprietaire, etatAAcheter, prixDemandeAAcheter, null as bailALouer, null as cautionALouer, null as chargesALouer, null as garnituresALouer, null as loyerALouer, 1 as clazz_ from Aacheter union select idBienImmobilier, dateDispoBienImmobilier, dateSoumissionBienImmobilier, localisationBienImmobilier, paysBienImmobilier, revenuCadastralBienImmobilier, statutBienImmobilier, id_agent, id_categorie, id_client, id_proprietaire, null as etatAAcheter, null as prixDemandeAAcheter, bailALouer, cautionALouer, chargesALouer, garnituresALouer, loyerALouer, 2 as clazz_ from aLouer ) bienimmobi0_ left outer join agent agent1_ on bienimmobi0_.id_agent=agent1_.idAgent left outer join Categorie categorie2_ on bienimmobi0_.id_categorie=categorie2_.idCategorie left outer join Client client3_ on bienimmobi0_.id_client=client3_.idClient left outer join Proprietaire proprietai4_ on bienimmobi0_.id_proprietaire=proprietai4_.idProprietaire left outer join Contrat contrat5_ on bienimmobi0_.idBienImmobilier=contrat5_.id_BienImmobilier where bienimmobi0_.idBienImmobilier=?
</system-out>
    <system-err>Mon Sep 16 10:41:45 CEST 2019 WARN: Establishing SSL connection without server&apos;s identity verification is not recommended. According to MySQL 5.5.45+, 5.6.26+ and 5.7.6+ requirements SSL connection must be established by default if explicit option isn&apos;t set. For compliance with existing applications not using SSL the verifyServerCertificate property is set to &apos;false&apos;. You need either to explicitly disable SSL by setting useSSL=false, or set useSSL=true and provide truststore for server certificate verification.
</system-err>
  </testcase>
</testsuite>